<?xml version="1.0" encoding="UTF-8"?>
<!-- Generated by org.testng.reporters.JUnitReportReporter -->
<testsuite skipped="0" hostname="EPRUPETW06F7" name="Tests.ValidateJustCreatedDraftLetterTest" tests="1" failures="0" timestamp="2021-07-10T15:41:53 MSK" time="11.932" errors="0">
  <testcase name="validateJustCreatedDraftletter" time="11.932" classname="Tests.ValidateJustCreatedDraftLetterTest"/>
  <system-out/>
</testsuite> <!-- Tests.ValidateJustCreatedDraftLetterTest -->
