<?xml version="1.0" encoding="UTF-8"?>
<!-- Generated by org.testng.reporters.JUnitReportReporter -->
<testsuite skipped="0" hostname="EPRUPETW06F7" name="Tests.SuccessfullLogOutTest" tests="1" failures="0" timestamp="2021-07-10T15:41:53 MSK" time="16.575" errors="0">
  <testcase name="logOut" time="16.575" classname="Tests.SuccessfullLogOutTest"/>
  <system-out/>
</testsuite> <!-- Tests.SuccessfullLogOutTest -->
